CMake Deprecation Warning at CMakeLists.txt:1 (cmake_minimum_required):
  Compatibility with CMake < 3.5 will be removed from a future version of
  CMake.

  Update the VERSION argument <min> value or use a ...<max> suffix to tell
  CMake that the project does not need compatibility with older versions.


CMake Error at /home/bsc/bsc083001/.local/lib/python3.9/site-packages/cmake/data/share/cmake-3.30/Modules/CMakeTestCCompiler.cmake:67 (message):
  The C compiler

    "/gpfs/apps/MN5/GPP/ONEAPI/2024.0.1/compiler/latest/bin/icx"

  is not able to compile a simple test program.

  It fails with the following output:

    Change Dir: '/home/bsc/bsc083001/mele_lab/bin/kallisto/build/CMakeFiles/CMakeScratch/TryCompile-PC3ASr'
    
    Run Build Command(s): /gpfs/home/bsc/bsc083001/.local/lib/python3.9/site-packages/cmake/data/bin/cmake -E env VERBOSE=1 /usr/bin/gmake -f Makefile cmTC_07be5/fast
    /usr/bin/gmake  -f CMakeFiles/cmTC_07be5.dir/build.make CMakeFiles/cmTC_07be5.dir/build
    gmake[1]: Entering directory '/gpfs/home/bsc/bsc083001/mele_lab/bin/kallisto/build/CMakeFiles/CMakeScratch/TryCompile-PC3ASr'
    Building C object CMakeFiles/cmTC_07be5.dir/testCCompiler.c.o
    /gpfs/apps/MN5/GPP/ONEAPI/2024.0.1/compiler/latest/bin/icx    -MD -MT CMakeFiles/cmTC_07be5.dir/testCCompiler.c.o -MF CMakeFiles/cmTC_07be5.dir/testCCompiler.c.o.d -o CMakeFiles/cmTC_07be5.dir/testCCompiler.c.o -c /home/bsc/bsc083001/mele_lab/bin/kallisto/build/CMakeFiles/CMakeScratch/TryCompile-PC3ASr/testCCompiler.c
    Linking C executable cmTC_07be5
    /gpfs/home/bsc/bsc083001/.local/lib/python3.9/site-packages/cmake/data/bin/cmake -E cmake_link_script CMakeFiles/cmTC_07be5.dir/link.txt --verbose=1
    /gpfs/apps/MN5/GPP/ONEAPI/2024.0.1/compiler/latest/bin/icx -rdynamic CMakeFiles/cmTC_07be5.dir/testCCompiler.c.o -o cmTC_07be5
    /usr/bin/ld: cannot find crtbeginS.o: No such file or directory
    icx: error: linker command failed with exit code 1 (use -v to see invocation)
    gmake[1]: *** [CMakeFiles/cmTC_07be5.dir/build.make:100: cmTC_07be5] Error 1
    gmake[1]: Leaving directory '/gpfs/home/bsc/bsc083001/mele_lab/bin/kallisto/build/CMakeFiles/CMakeScratch/TryCompile-PC3ASr'
    gmake: *** [Makefile:127: cmTC_07be5/fast] Error 2
    
    

  

  CMake will not be able to correctly generate this project.
Call Stack (most recent call first):
  CMakeLists.txt:3 (project)


