Building DAG of jobs...
Using shell: /usr/bin/bash
Provided cores: 30
Rules claiming more threads will be scaled down.
Provided resources: mem_mb=1000, mem_mib=954, disk_mb=1000, disk_mib=954, nodes=1, threads=15
Select jobs to execute...

[Wed Aug  6 17:16:54 2025]
rule sqanti_reads:
    input: /gpfs/projects/bsc83/Data/gene_annotations/sirvome/SIRV_ERCC_longSIRV_multi-fasta_20210507.gtf, /gpfs/projects/bsc83/Data/gene_annotations/sirvome/SIRV_ERCC_longSIRV_multi-fasta_20210507.fasta, ../../data/qc_sirvs/align_gff/I/39_IN5_HG04217.gff, ../../data/qc_sirvs/design_csv/39_IN5_HG04217_I_design.csv
    output: ../../data/qc_sirvs/sqanti_reads/39_IN5_HG04217_I/who_knows.tsv
    jobid: 0
    reason: Missing output files: ../../data/qc_sirvs/sqanti_reads/39_IN5_HG04217_I/who_knows.tsv
    wildcards: lab_sample=39_IN5_HG04217, annot_completeness=I
    resources: mem_mb=1000, mem_mib=954, disk_mb=1000, disk_mib=954, tmpdir=/scratch/tmp/25299261, nodes=1, threads=15

Activating conda environment: base

    =====================
      ░██████╗░░█████╗░
      ██╔═══██╗██╔══██╗
      ██║██╗██║██║░░╚═╝
      ╚██████╔╝██║░░██╗
      ░╚═██╔═╝░╚█████╔╝
      ░░░╚═╝░░░░╚════╝░
    =====================
    
[INFO:2025-08-06 17:17:07,253] Write arguments to /gpfs/projects/bsc83/Projects/pantranscriptome/fairlie/240903_pt/data/qc_sirvs/data/qc_sirvs/align_gff/I/39_IN5_HG04217/39_IN5_HG04217_I.qc_params.txt...
[INFO:2025-08-06 17:17:07,254] Initialising QC pipeline.
[INFO:2025-08-06 17:17:07,254] Parsing provided files
[INFO:2025-08-06 17:17:07,254] Reading genome fasta /gpfs/projects/bsc83/Data/gene_annotations/sirvome/SIRV_ERCC_longSIRV_multi-fasta_20210507.fasta
[INFO:2025-08-06 17:17:07,411] **** Correcting sequences
[INFO:2025-08-06 17:17:07,411] Correcting fasta
[INFO:2025-08-06 17:17:07,411] Skipping aligning of sequences because GTF file was provided.
[INFO:2025-08-06 17:17:07,449] Indels will be not calculated since you ran SQANTI3 without alignment step (SQANTI3 with gtf format as transcriptome input).
[ERROR:2025-08-06 17:17:07,473] Something went wrong during Converting corrected GTF to FASTA
[ERROR:2025-08-06 17:17:07,473] For more inflo, check ../../data/qc_sirvs/sqanti_reads/39_IN5_HG04217_I/../../data/qc_sirvs/align_gff/I/39_IN5_HG04217/logs/gtf2fasta.log
Error: cannot open input file ../../data/qc_sirvs/sqanti_reads/39_IN5_HG04217_I/../../data/qc_sirvs/align_gff/I/39_IN5_HG04217/39_IN5_HG04217_I_corrected.gtf!
ERROR running command: gffread ../../data/qc_sirvs/sqanti_reads/39_IN5_HG04217_I/../../data/qc_sirvs/align_gff/I/39_IN5_HG04217/39_IN5_HG04217_I_corrected.gtf -T -o ../../data/qc_sirvs/sqanti_reads/39_IN5_HG04217_I/../../data/qc_sirvs/align_gff/I/39_IN5_HG04217/39_IN5_HG04217_I_corrected.gtf.gffread_tmp && mv ../../data/qc_sirvs/sqanti_reads/39_IN5_HG04217_I/../../data/qc_sirvs/align_gff/I/39_IN5_HG04217/39_IN5_HG04217_I_corrected.gtf.gffread_tmp ../../data/qc_sirvs/sqanti_reads/39_IN5_HG04217_I/../../data/qc_sirvs/align_gff/I/39_IN5_HG04217/39_IN5_HG04217_I_corrected.gtf
 Missing or failed gffread
./../../data/qc_sirvs/align_gff/I/39_IN5_HG04217*.g*f
**** Calculating UJCs...
[Wed Aug  6 17:17:07 2025]
Error in rule sqanti_reads:
    jobid: 0
    input: /gpfs/projects/bsc83/Data/gene_annotations/sirvome/SIRV_ERCC_longSIRV_multi-fasta_20210507.gtf, /gpfs/projects/bsc83/Data/gene_annotations/sirvome/SIRV_ERCC_longSIRV_multi-fasta_20210507.fasta, ../../data/qc_sirvs/align_gff/I/39_IN5_HG04217.gff, ../../data/qc_sirvs/design_csv/39_IN5_HG04217_I_design.csv
    output: ../../data/qc_sirvs/sqanti_reads/39_IN5_HG04217_I/who_knows.tsv
    conda-env: base
    shell:
        
        conda activate /gpfs/projects/bsc83/utils/conda_envs/SQANTI3-5.5
        python /gpfs/projects/bsc83/utils/sqanti3/sqanti3_reads.py             --dir ../../data/qc_sirvs/sqanti_reads/39_IN5_HG04217_I             -t 15             --design ../../data/qc_sirvs/design_csv/39_IN5_HG04217_I_design.csv             --annotation /gpfs/projects/bsc83/Data/gene_annotations/sirvome/SIRV_ERCC_longSIRV_multi-fasta_20210507.gtf             --genome /gpfs/projects/bsc83/Data/gene_annotations/sirvome/SIRV_ERCC_longSIRV_multi-fasta_20210507.fasta
        
        (one of the commands exited with non-zero exit code; note that snakemake uses bash strict mode!)

Shutting down, this might take some time.
Exiting because a job execution failed. Look above for error message
